<?xml version="1.0" encoding="UTF-8"?>
<!-- Generated by org.testng.reporters.JUnitReportReporter -->
<testsuite hostname="LapWinX-DAC118" failures="0" tests="1" name="ExcelUtil.ReadExcelHashmap" time="0.601" errors="0" timestamp="2024-01-15T13:11:01 IST" skipped="0">
  <testcase classname="ExcelUtil.ReadExcelHashmap" name="test1" time="0.601"/>
  <system-out/>
</testsuite> <!-- ExcelUtil.ReadExcelHashmap -->
